<?xml version="1.0" encoding="UTF-8"?>
<!-- Generated by org.testng.reporters.JUnitReportReporter -->
<testsuite skipped="0" hostname="LP-5CG1225D72" name="Runner.Run1" tests="1" failures="0" timestamp="2021-08-25T17:19:58 IST" time="16.966" errors="0">
  <testcase name="runScenario" time="16.966" classname="Runner.Run1"/>
  <system-out/>
</testsuite> <!-- Runner.Run1 -->
